<?xml version="1.0" encoding="UTF-8"?>
<!-- Generated by org.testng.reporters.JUnitXMLReporter -->
<testsuite hostname="DESKTOP-ARQUAKT" ignored="0" name="Surefire test" tests="7" failures="0" timestamp="09 Nov 2020 19:36:15 GMT" time="55.274" errors="0">
  <testcase name="test01_register" time="7.899" classname="SanityTests.nopCommerceWeb"/>
  <testcase name="test02_addToCart" time="8.981" classname="SanityTests.nopCommerceWeb"/>
  <testcase name="test03_removeFromCart" time="10.025" classname="SanityTests.nopCommerceWeb"/>
  <testcase name="test04_sortBy" time="2.061" classname="SanityTests.nopCommerceWeb"/>
  <testcase name="test05_emptySearchPopup" time="0.448" classname="SanityTests.nopCommerceWeb"/>
  <testcase name="test06_VerifyLogo" time="1.471" classname="SanityTests.nopCommerceWeb"/>
  <testcase name="test07_VerifyYAxis" time="0.583" classname="SanityTests.nopCommerceWeb"/>
</testsuite> <!-- Surefire test -->
