<?xml version="1.0" encoding="UTF-8"?>
<!-- Generated by org.testng.reporters.JUnitXMLReporter -->
<testsuite hostname="DESKTOP-ARQUAKT" ignored="0" name="API Tests" tests="4" failures="0" timestamp="16 Nov 2020 19:29:14 GMT" time="14.127" errors="0">
  <testcase name="test01_addSectionAndVerify" time="4.539" classname="SanityTests.JSONServerAPI"/>
  <testcase name="test02_GetProperty" time="1.882" classname="SanityTests.JSONServerAPI"/>
  <testcase name="test03_updateSectionAndVerify" time="0.096" classname="SanityTests.JSONServerAPI"/>
  <testcase name="test04_deleteSection" time="0.037" classname="SanityTests.JSONServerAPI"/>
</testsuite> <!-- API Tests -->
