<?xml version="1.0" encoding="UTF-8"?>
<!-- Generated by org.testng.reporters.JUnitXMLReporter -->
<testsuite hostname="DESKTOP-ARQUAKT" ignored="0" name="Web Tests" tests="7" failures="0" timestamp="16 Nov 2020 19:26:23 GMT" time="53.697" errors="0">
  <testcase name="test01_register" time="6.962" classname="SanityTests.nopCommerceWeb"/>
  <testcase name="test02_addToCart" time="9.357" classname="SanityTests.nopCommerceWeb"/>
  <testcase name="test03_removeFromCart" time="11.274" classname="SanityTests.nopCommerceWeb"/>
  <testcase name="test04_sortBy" time="2.537" classname="SanityTests.nopCommerceWeb"/>
  <testcase name="test05_emptySearchPopup" time="0.221" classname="SanityTests.nopCommerceWeb"/>
  <testcase name="test06_VerifyLogo" time="1.35" classname="SanityTests.nopCommerceWeb"/>
  <testcase name="test07_VerifyYAxis" time="0.448" classname="SanityTests.nopCommerceWeb"/>
</testsuite> <!-- Web Tests -->
