<?xml version="1.0" encoding="UTF-8"?>
<testsuite xmlns:xsi="http://www.w3.org/2001/XMLSchema-instance" xsi:noNamespaceSchemaLocation="https://maven.apache.org/surefire/maven-surefire-plugin/xsd/surefire-test-report.xsd" name="SanityTests.JSONServerAPI" time="22.29" tests="4" errors="0" skipped="0" failures="4">
  <properties>
[...]
</properties>
  <testcase name="test01_addSectionAndVerify" classname="SanityTests.JSONServerAPI" time="0.762">
    <failure type="java.lang.NullPointerException">java.lang.NullPointerException
	at SanityTests.JSONServerAPI.test01_addSectionAndVerify(JSONServerAPI.java:17)
</failure>
    <system-err><![CDATA[SLF4J: Failed to load class "org.slf4j.impl.StaticLoggerBinder".
SLF4J: Defaulting to no-operation (NOP) logger implementation
SLF4J: See http://www.slf4j.org/codes.html#StaticLoggerBinder for further details.
Starting ChromeDriver 86.0.4240.22 (398b0743353ff36fb1b82468f63a3a93b4e2e89e-refs/branch-heads/4240@{#378}) on port 39521
Only local connections are allowed.
Please see https://chromedriver.chromium.org/security-considerations for suggestions on keeping ChromeDriver safe.
ChromeDriver was started successfully.
Nov 09, 2020 9:34:20 PM org.openqa.selenium.remote.ProtocolHandshake createSession
INFO: Detected dialect: W3C
Loading class `com.mysql.jdbc.Driver'. This is deprecated. The new driver class is `com.mysql.cj.jdbc.Driver'. The driver is automatically registered via the SPI and manual loading of the driver class is generally unnecessary.
]]></system-err>
  </testcase>
  <testcase name="test02_GetProperty" classname="SanityTests.JSONServerAPI" time="0.001">
    <failure type="java.lang.NullPointerException">java.lang.NullPointerException
	at SanityTests.JSONServerAPI.test02_GetProperty(JSONServerAPI.java:25)
</failure>
  </testcase>
  <testcase name="test03_updateSectionAndVerify" classname="SanityTests.JSONServerAPI" time="0">
    <failure type="java.lang.NullPointerException">java.lang.NullPointerException
	at SanityTests.JSONServerAPI.test03_updateSectionAndVerify(JSONServerAPI.java:33)
</failure>
  </testcase>
  <testcase name="test04_deleteSection" classname="SanityTests.JSONServerAPI" time="0.003">
    <failure type="java.lang.NullPointerException">java.lang.NullPointerException
	at SanityTests.JSONServerAPI.test04_deleteSection(JSONServerAPI.java:41)
</failure>
  </testcase>
</testsuite>